#
# A fatal error has been detected by the Java Runtime Environment:
#
#  EXCEPTION_ACCESS_VIOLATION (0xc0000005) at pc=0x0000026821be9ee5, pid=11872, tid=10208
#
# JRE version: OpenJDK Runtime Environment (11.0.10) (build 11.0.10+0-b96-7249189)
# Java VM: OpenJDK 64-Bit Server VM (11.0.10+0-b96-7249189, mixed mode, tiered, compressed oops, g1 gc, windows-amd64)
# Problematic frame:
# C  0x0000026821be9ee5
#
# No core dump will be written. Minidumps are not enabled by default on client versions of Windows
#
# If you would like to submit a bug report, please visit:
#   https://bugreport.java.com/bugreport/crash.jsp
#

---------------  S U M M A R Y ------------

Command Line: --add-opens=java.base/java.util=ALL-UNNAMED --add-opens=java.base/java.lang=ALL-UNNAMED --add-opens=java.base/java.lang.invoke=ALL-UNNAMED --add-opens=java.base/java.util=ALL-UNNAMED --add-opens=java.prefs/java.util.prefs=ALL-UNNAMED --add-opens=java.prefs/java.util.prefs=ALL-UNNAMED --add-opens=java.base/java.nio.charset=ALL-UNNAMED --add-opens=java.base/java.net=ALL-UNNAMED --add-opens=java.base/java.util.concurrent.atomic=ALL-UNNAMED -Xmx2048m -Dfile.encoding=UTF-8 -Duser.country=ID -Duser.language=en -Duser.variant org.gradle.launcher.daemon.bootstrap.GradleDaemon 7.0.2

Host: Intel(R) Celeron(R) N4000 CPU @ 1.10GHz, 2 cores, 7G,  Windows 10 , 64 bit Build 19041 (10.0.19041.1202)
Time: Tue Nov 16 12:42:37 2021 SE Asia Standard Time elapsed time: 60.353766 seconds (0d 0h 1m 0s)

---------------  T H R E A D  ---------------

Current thread (0x00000267ecba2800):  JavaThread "Daemon worker" [_thread_in_Java, id=10208, stack(0x000000897a700000,0x000000897a800000)]

Stack: [0x000000897a700000,0x000000897a800000],  sp=0x000000897a7f9898,  free space=998k
Native frames: (J=compiled Java code, j=interpreted, Vv=VM code, C=native code)
C  0x0000026821be9ee5


siginfo: EXCEPTION_ACCESS_VIOLATION (0xc0000005), data execution prevention violation at address 0x0000026821be9ee5


Register to memory mapping:

RIP=0x0000026821be9ee5 is an unknown value
RAX=0x0000000084578248 is an oop: java.io.File 
{0x0000000084578248} - klass: 'java/io/File'
RBX=0x0 is NULL
RCX=0x0000000000000004 is an unknown value
RDX=0x000000897a7f9840 is pointing into the stack for thread: 0x00000267ecba2800
RSP=0x000000897a7f9898 is pointing into the stack for thread: 0x00000267ecba2800
RBP=0x000000897a7f98e8 is pointing into the stack for thread: 0x00000267ecba2800
RSI=0x0000000000000009 is an unknown value
RDI=0x0000000000000073 is an unknown value
R8 =0x0 is NULL
R9 =0x00000000809cfe00 is an oop: java.lang.Class 
{0x00000000809cfe00} - klass: 'java/lang/Class'
R10=0x00007ffb0d7f743a jvm.dll
R11=0x00000267dd6bfe60 is at entry_point+32 in (nmethod*)0x00000267dd6bfc90
R12=0x0 is NULL
R13=0x00000267f15c559b is pointing into metadata
R14=0x000000897a7f9910 is pointing into the stack for thread: 0x00000267ecba2800
R15=0x00000267ecba2800 is a thread


Registers:
RAX=0x0000000084578248, RBX=0x0000000000000000, RCX=0x0000000000000004, RDX=0x000000897a7f9840
RSP=0x000000897a7f9898, RBP=0x000000897a7f98e8, RSI=0x0000000000000009, RDI=0x0000000000000073
R8 =0x0000000000000000, R9 =0x00000000809cfe00, R10=0x00007ffb0d7f743a, R11=0x00000267dd6bfe60
R12=0x0000000000000000, R13=0x00000267f15c559b, R14=0x000000897a7f9910, R15=0x00000267ecba2800
RIP=0x0000026821be9ee5, EFLAGS=0x0000000000010246

Top of Stack: (sp=0x000000897a7f9898)
0x000000897a7f9898:   00000000845781f0 000000897a7f98a0
0x000000897a7f98a8:   00000267f15c559b 000000897a7f9910
0x000000897a7f98b8:   00000267f15c5730 0000000000000000
0x000000897a7f98c8:   0000000081eb3b10 00000267f15c5610
0x000000897a7f98d8:   0000000000000000 000000897a7f9908
0x000000897a7f98e8:   000000897a7f9960 00000267d5be9e40
0x000000897a7f98f8:   0000000000000000 000000008cc66b50
0x000000897a7f9908:   0000000084b2d958 00000000845781f0
0x000000897a7f9918:   000000897a7f9918 00000267f0185442
0x000000897a7f9928:   000000897a7f9988 00000267f0186808
0x000000897a7f9938:   0000000000000000 0000000081ebabc0
0x000000897a7f9948:   00000267f0185490 000000897a7f9908
0x000000897a7f9958:   000000897a7f9978 000000897a7f99d8
0x000000897a7f9968:   00000267d5be9e40 0000000000000000
0x000000897a7f9978:   0000000081d353f0 0000000084b2d958
0x000000897a7f9988:   00000000845781f0 000000897a7f9990 

Instructions: (pc=0x0000026821be9ee5)
0x0000026821be9de5:   ?? ?? ?? ?? ?? ?? ?? ?? ?? ?? ?? ?? ?? ?? ?? ??
0x0000026821be9df5:   ?? ?? ?? ?? ?? ?? ?? ?? ?? ?? ?? ?? ?? ?? ?? ??
0x0000026821be9e05:   ?? ?? ?? ?? ?? ?? ?? ?? ?? ?? ?? ?? ?? ?? ?? ??
0x0000026821be9e15:   ?? ?? ?? ?? ?? ?? ?? ?? ?? ?? ?? ?? ?? ?? ?? ??
0x0000026821be9e25:   ?? ?? ?? ?? ?? ?? ?? ?? ?? ?? ?? ?? ?? ?? ?? ??
0x0000026821be9e35:   ?? ?? ?? ?? ?? ?? ?? ?? ?? ?? ?? ?? ?? ?? ?? ??
0x0000026821be9e45:   ?? ?? ?? ?? ?? ?? ?? ?? ?? ?? ?? ?? ?? ?? ?? ??
0x0000026821be9e55:   ?? ?? ?? ?? ?? ?? ?? ?? ?? ?? ?? ?? ?? ?? ?? ??
0x0000026821be9e65:   ?? ?? ?? ?? ?? ?? ?? ?? ?? ?? ?? ?? ?? ?? ?? ??
0x0000026821be9e75:   ?? ?? ?? ?? ?? ?? ?? ?? ?? ?? ?? ?? ?? ?? ?? ??
0x0000026821be9e85:   ?? ?? ?? ?? ?? ?? ?? ?? ?? ?? ?? ?? ?? ?? ?? ??
0x0000026821be9e95:   ?? ?? ?? ?? ?? ?? ?? ?? ?? ?? ?? ?? ?? ?? ?? ??
0x0000026821be9ea5:   ?? ?? ?? ?? ?? ?? ?? ?? ?? ?? ?? ?? ?? ?? ?? ??
0x0000026821be9eb5:   ?? ?? ?? ?? ?? ?? ?? ?? ?? ?? ?? ?? ?? ?? ?? ??
0x0000026821be9ec5:   ?? ?? ?? ?? ?? ?? ?? ?? ?? ?? ?? ?? ?? ?? ?? ??
0x0000026821be9ed5:   ?? ?? ?? ?? ?? ?? ?? ?? ?? ?? ?? ?? ?? ?? ?? ??
0x0000026821be9ee5:   ?? ?? ?? ?? ?? ?? ?? ?? ?? ?? ?? ?? ?? ?? ?? ??
0x0000026821be9ef5:   ?? ?? ?? ?? ?? ?? ?? ?? ?? ?? ?? ?? ?? ?? ?? ??
0x0000026821be9f05:   ?? ?? ?? ?? ?? ?? ?? ?? ?? ?? ?? ?? ?? ?? ?? ??
0x0000026821be9f15:   ?? ?? ?? ?? ?? ?? ?? ?? ?? ?? ?? ?? ?? ?? ?? ??
0x0000026821be9f25:   ?? ?? ?? ?? ?? ?? ?? ?? ?? ?? ?? ?? ?? ?? ?? ??
0x0000026821be9f35:   ?? ?? ?? ?? ?? ?? ?? ?? ?? ?? ?? ?? ?? ?? ?? ??
0x0000026821be9f45:   ?? ?? ?? ?? ?? ?? ?? ?? ?? ?? ?? ?? ?? ?? ?? ??
0x0000026821be9f55:   ?? ?? ?? ?? ?? ?? ?? ?? ?? ?? ?? ?? ?? ?? ?? ??
0x0000026821be9f65:   ?? ?? ?? ?? ?? ?? ?? ?? ?? ?? ?? ?? ?? ?? ?? ??
0x0000026821be9f75:   ?? ?? ?? ?? ?? ?? ?? ?? ?? ?? ?? ?? ?? ?? ?? ??
0x0000026821be9f85:   ?? ?? ?? ?? ?? ?? ?? ?? ?? ?? ?? ?? ?? ?? ?? ??
0x0000026821be9f95:   ?? ?? ?? ?? ?? ?? ?? ?? ?? ?? ?? ?? ?? ?? ?? ??
0x0000026821be9fa5:   ?? ?? ?? ?? ?? ?? ?? ?? ?? ?? ?? ?? ?? ?? ?? ??
0x0000026821be9fb5:   ?? ?? ?? ?? ?? ?? ?? ?? ?? ?? ?? ?? ?? ?? ?? ??
0x0000026821be9fc5:   ?? ?? ?? ?? ?? ?? ?? ?? ?? ?? ?? ?? ?? ?? ?? ??
0x0000026821be9fd5:   ?? ?? ?? ?? ?? ?? ?? ?? ?? ?? ?? ?? ?? ?? ?? ?? 


Stack slot to memory mapping:
stack at sp + 0 slots: 0x00000000845781f0 is an oop: org.gradle.api.internal.file.BaseDirFileResolver 
{0x00000000845781f0} - klass: 'org/gradle/api/internal/file/BaseDirFileResolver'
stack at sp + 1 slots: 0x000000897a7f98a0 is pointing into the stack for thread: 0x00000267ecba2800
stack at sp + 2 slots: 0x00000267f15c559b is pointing into metadata
stack at sp + 3 slots: 0x000000897a7f9910 is pointing into the stack for thread: 0x00000267ecba2800
stack at sp + 4 slots: 0x00000267f15c5730 is pointing into metadata
stack at sp + 5 slots: 0x0 is NULL
stack at sp + 6 slots: 0x0000000081eb3b10 is an oop: java.lang.Class 
{0x0000000081eb3b10} - klass: 'java/lang/Class'
stack at sp + 7 slots: {method} {0x00000267f15c5618} 'doResolve' '(Ljava/lang/Object;)Ljava/io/File;' in 'org/gradle/api/internal/file/AbstractBaseDirFileResolver'


---------------  P R O C E S S  ---------------

Threads class SMR info:
_java_thread_list=0x00000267f313b260, length=38, elements={
0x00000267d20ea800, 0x00000267ebfa6000, 0x00000267ebfa7800, 0x00000267ec942800,
0x00000267ebfbc800, 0x00000267ebfbd000, 0x00000267ebfc3000, 0x00000267ebfce800,
0x00000267ebfd2800, 0x00000267eca6c000, 0x00000267ee2c6000, 0x00000267ede21800,
0x00000267edd2c000, 0x00000267eed28800, 0x00000267ed8ab000, 0x00000267eec29000,
0x00000267ecba2800, 0x00000267ecbc9800, 0x00000267ec97e800, 0x00000267ecc0d800,
0x00000267ecc0c800, 0x00000267ecc0e000, 0x00000267ecc0a000, 0x00000267ecc09800,
0x00000267ecc0b000, 0x00000267ecc0f000, 0x00000267ecc0c000, 0x00000267ecc10000,
0x00000267ef749800, 0x00000267ef74d800, 0x00000267ef74c800, 0x00000267ef74e000,
0x00000267ef74a000, 0x00000267ef750800, 0x00000267ef74b000, 0x00000267ef751800,
0x00000267ef754800, 0x00000267ef752800
}

Java Threads: ( => current thread )
  0x00000267d20ea800 JavaThread "main" [_thread_blocked, id=11584, stack(0x0000008978e00000,0x0000008978f00000)]
  0x00000267ebfa6000 JavaThread "Reference Handler" daemon [_thread_blocked, id=10552, stack(0x0000008979500000,0x0000008979600000)]
  0x00000267ebfa7800 JavaThread "Finalizer" daemon [_thread_blocked, id=7408, stack(0x0000008979600000,0x0000008979700000)]
  0x00000267ec942800 JavaThread "Signal Dispatcher" daemon [_thread_blocked, id=5388, stack(0x0000008979700000,0x0000008979800000)]
  0x00000267ebfbc800 JavaThread "Attach Listener" daemon [_thread_blocked, id=11364, stack(0x0000008979800000,0x0000008979900000)]
  0x00000267ebfbd000 JavaThread "Service Thread" daemon [_thread_blocked, id=2384, stack(0x0000008979900000,0x0000008979a00000)]
  0x00000267ebfc3000 JavaThread "C2 CompilerThread0" daemon [_thread_blocked, id=10848, stack(0x0000008979a00000,0x0000008979b00000)]
  0x00000267ebfce800 JavaThread "C1 CompilerThread0" daemon [_thread_blocked, id=12944, stack(0x0000008979b00000,0x0000008979c00000)]
  0x00000267ebfd2800 JavaThread "Sweeper thread" daemon [_thread_blocked, id=12168, stack(0x0000008979c00000,0x0000008979d00000)]
  0x00000267eca6c000 JavaThread "Common-Cleaner" daemon [_thread_blocked, id=9592, stack(0x0000008979d00000,0x0000008979e00000)]
  0x00000267ee2c6000 JavaThread "Daemon health stats" [_thread_blocked, id=11544, stack(0x000000897a000000,0x000000897a100000)]
  0x00000267ede21800 JavaThread "Incoming local TCP Connector on port 60541" [_thread_in_native, id=8848, stack(0x000000897a200000,0x000000897a300000)]
  0x00000267edd2c000 JavaThread "Daemon" [_thread_blocked, id=11004, stack(0x000000897a300000,0x000000897a400000)]
  0x00000267eed28800 JavaThread "Daemon periodic checks" [_thread_blocked, id=5640, stack(0x000000897a400000,0x000000897a500000)]
  0x00000267ed8ab000 JavaThread "Handler for socket connection from /127.0.0.1:60541 to /127.0.0.1:60542" [_thread_in_native, id=2488, stack(0x000000897a500000,0x000000897a600000)]
  0x00000267eec29000 JavaThread "Cancel handler" [_thread_blocked, id=8868, stack(0x000000897a600000,0x000000897a700000)]
=>0x00000267ecba2800 JavaThread "Daemon worker" [_thread_in_Java, id=10208, stack(0x000000897a700000,0x000000897a800000)]
  0x00000267ecbc9800 JavaThread "Asynchronous log dispatcher for DefaultDaemonConnection: socket connection from /127.0.0.1:60541 to /127.0.0.1:60542" [_thread_blocked, id=7416, stack(0x000000897a800000,0x000000897a900000)]
  0x00000267ec97e800 JavaThread "Stdin handler" [_thread_blocked, id=9756, stack(0x000000897a900000,0x000000897aa00000)]
  0x00000267ecc0d800 JavaThread "Daemon client event forwarder" [_thread_blocked, id=10804, stack(0x000000897aa00000,0x000000897ab00000)]
  0x00000267ecc0c800 JavaThread "Cache worker for file hash cache (C:\Program Files\Android\Android Studio\gradle-7.0.2\caches\7.0.2\fileHashes)" [_thread_blocked, id=2176, stack(0x000000897ab00000,0x000000897ac00000)]
  0x00000267ecc0e000 JavaThread "File lock request listener" [_thread_in_native, id=2152, stack(0x000000897ac00000,0x000000897ad00000)]
  0x00000267ecc0a000 JavaThread "Cache worker for journal cache (C:\Program Files\Android\Android Studio\gradle-7.0.2\caches\journal-1)" [_thread_blocked, id=3912, stack(0x000000897ad00000,0x000000897ae00000)]
  0x00000267ecc09800 JavaThread "Cache worker for file hash cache (D:\smt 5\pemrograman perangkat bergerak\FoodMood\.gradle\7.0.2\fileHashes)" [_thread_blocked, id=536, stack(0x000000897ae00000,0x000000897af00000)]
  0x00000267ecc0b000 JavaThread "File watcher server" daemon [_thread_in_native, id=13008, stack(0x000000897af00000,0x000000897b000000)]
  0x00000267ecc0f000 JavaThread "File watcher consumer" daemon [_thread_blocked, id=12364, stack(0x000000897b000000,0x000000897b100000)]
  0x00000267ecc0c000 JavaThread "jar transforms" [_thread_blocked, id=7956, stack(0x000000897b100000,0x000000897b200000)]
  0x00000267ecc10000 JavaThread "jar transforms Thread 2" [_thread_blocked, id=10340, stack(0x000000897b200000,0x000000897b300000)]
  0x00000267ef749800 JavaThread "Cache worker for checksums cache (D:\smt 5\pemrograman perangkat bergerak\FoodMood\.gradle\checksums)" [_thread_blocked, id=3660, stack(0x000000897b300000,0x000000897b400000)]
  0x00000267ef74d800 JavaThread "Cache worker for cache directory md-supplier (C:\Program Files\Android\Android Studio\gradle-7.0.2\caches\7.0.2\md-supplier)" [_thread_blocked, id=12140, stack(0x000000897b400000,0x000000897b500000)]
  0x00000267ef74c800 JavaThread "Cache worker for cache directory md-rule (C:\Program Files\Android\Android Studio\gradle-7.0.2\caches\7.0.2\md-rule)" [_thread_blocked, id=11608, stack(0x000000897b500000,0x000000897b600000)]
  0x00000267ef74e000 JavaThread "Cache worker for execution history cache (C:\Program Files\Android\Android Studio\gradle-7.0.2\caches\7.0.2\executionHistory)" [_thread_blocked, id=3144, stack(0x000000897b600000,0x000000897b700000)]
  0x00000267ef74a000 JavaThread "Cache worker for file content cache (C:\Program Files\Android\Android Studio\gradle-7.0.2\caches\7.0.2\fileContent)" [_thread_blocked, id=1008, stack(0x000000897b700000,0x000000897b800000)]
  0x00000267ef750800 JavaThread "Cache worker for dependencies-accessors (D:\smt 5\pemrograman perangkat bergerak\FoodMood\.gradle\7.0.2\dependencies-accessors)" [_thread_blocked, id=864, stack(0x000000897ba00000,0x000000897bb00000)]
  0x00000267ef74b000 JavaThread "Cache worker for Build Output Cleanup Cache (D:\smt 5\pemrograman perangkat bergerak\FoodMood\.gradle\buildOutputCleanup)" [_thread_blocked, id=7184, stack(0x000000897bb00000,0x000000897bc00000)]
  0x00000267ef751800 JavaThread "Build operations" [_thread_blocked, id=2628, stack(0x000000897bc00000,0x000000897bd00000)]
  0x00000267ef754800 JavaThread "Build operations Thread 2" [_thread_blocked, id=6852, stack(0x000000897bd00000,0x000000897be00000)]
  0x00000267ef752800 JavaThread "Memory manager" [_thread_blocked, id=10640, stack(0x000000897be00000,0x000000897bf00000)]

Other Threads:
  0x00000267ebf67000 VMThread "VM Thread" [stack: 0x0000008979400000,0x0000008979500000] [id=12932]
  0x00000267eca6e800 WatcherThread [stack: 0x0000008979e00000,0x0000008979f00000] [id=12100]
  0x00000267d2101000 GCTaskThread "GC Thread#0" [stack: 0x0000008978f00000,0x0000008979000000] [id=7584]
  0x00000267ecbf6800 GCTaskThread "GC Thread#1" [stack: 0x0000008979f00000,0x000000897a000000] [id=13044]
  0x00000267d2133800 ConcurrentGCThread "G1 Main Marker" [stack: 0x0000008979000000,0x0000008979100000] [id=10880]
  0x00000267d2135000 ConcurrentGCThread "G1 Conc#0" [stack: 0x0000008979100000,0x0000008979200000] [id=12308]
  0x00000267d21b8000 ConcurrentGCThread "G1 Refine#0" [stack: 0x0000008979200000,0x0000008979300000] [id=9952]
  0x00000267ed167800 ConcurrentGCThread "G1 Refine#1" [stack: 0x000000897a100000,0x000000897a200000] [id=8564]
  0x00000267d21bd000 ConcurrentGCThread "G1 Young RemSet Sampling" [stack: 0x0000008979300000,0x0000008979400000] [id=9868]

Threads with active compile tasks:

VM state:not at safepoint (normal execution)

VM Mutex/Monitor currently owned by a thread: None

Heap address: 0x0000000080000000, size: 2048 MB, Compressed Oops mode: 32-bit
Narrow klass base: 0x0000000000000000, Narrow klass shift: 3
Compressed class space size: 1073741824 Address: 0x0000000100000000

Heap:
 garbage-first heap   total 225280K, used 106492K [0x0000000080000000, 0x0000000100000000)
  region size 1024K, 24 young (24576K), 8 survivors (8192K)
 Metaspace       used 87693K, capacity 90106K, committed 90240K, reserved 1128448K
  class space    used 11281K, capacity 12094K, committed 12160K, reserved 1048576K
Heap Regions: E=young(eden), S=young(survivor), O=old, HS=humongous(starts), HC=humongous(continues), CS=collection set, F=free, A=archive, TAMS=top-at-mark-start (previous, next)
|   0|0x0000000080000000, 0x0000000080100000, 0x0000000080100000|100%| O|  |TAMS 0x0000000080100000, 0x0000000080000000| Untracked 
|   1|0x0000000080100000, 0x0000000080200000, 0x0000000080200000|100%| O|  |TAMS 0x0000000080200000, 0x0000000080100000| Untracked 
|   2|0x0000000080200000, 0x0000000080300000, 0x0000000080300000|100%| O|  |TAMS 0x0000000080300000, 0x0000000080200000| Untracked 
|   3|0x0000000080300000, 0x0000000080400000, 0x0000000080400000|100%| O|  |TAMS 0x0000000080400000, 0x0000000080300000| Untracked 
|   4|0x0000000080400000, 0x0000000080500000, 0x0000000080500000|100%|HS|  |TAMS 0x0000000080500000, 0x0000000080400000| Complete 
|   5|0x0000000080500000, 0x0000000080600000, 0x0000000080600000|100%|HC|  |TAMS 0x0000000080600000, 0x0000000080500000| Complete 
|   6|0x0000000080600000, 0x0000000080700000, 0x0000000080700000|100%|HC|  |TAMS 0x0000000080700000, 0x0000000080600000| Complete 
|   7|0x0000000080700000, 0x0000000080800000, 0x0000000080800000|100%| O|  |TAMS 0x0000000080800000, 0x0000000080700000| Untracked 
|   8|0x0000000080800000, 0x0000000080900000, 0x0000000080900000|100%| O|  |TAMS 0x0000000080900000, 0x0000000080800000| Untracked 
|   9|0x0000000080900000, 0x0000000080a00000, 0x0000000080a00000|100%| O|  |TAMS 0x0000000080a00000, 0x0000000080900000| Untracked 
|  10|0x0000000080a00000, 0x0000000080b00000, 0x0000000080b00000|100%| O|  |TAMS 0x0000000080b00000, 0x0000000080a00000| Untracked 
|  11|0x0000000080b00000, 0x0000000080c00000, 0x0000000080c00000|100%| O|  |TAMS 0x0000000080c00000, 0x0000000080b00000| Untracked 
|  12|0x0000000080c00000, 0x0000000080d00000, 0x0000000080d00000|100%| O|  |TAMS 0x0000000080d00000, 0x0000000080c00000| Untracked 
|  13|0x0000000080d00000, 0x0000000080e00000, 0x0000000080e00000|100%| O|  |TAMS 0x0000000080e00000, 0x0000000080d00000| Untracked 
|  14|0x0000000080e00000, 0x0000000080f00000, 0x0000000080f00000|100%| O|  |TAMS 0x0000000080f00000, 0x0000000080e00000| Untracked 
|  15|0x0000000080f00000, 0x0000000081000000, 0x0000000081000000|100%|HS|  |TAMS 0x0000000081000000, 0x0000000080f00000| Complete 
|  16|0x0000000081000000, 0x0000000081100000, 0x0000000081100000|100%|HC|  |TAMS 0x0000000081100000, 0x0000000081000000| Complete 
|  17|0x0000000081100000, 0x0000000081200000, 0x0000000081200000|100%|HS|  |TAMS 0x0000000081200000, 0x0000000081100000| Complete 
|  18|0x0000000081200000, 0x0000000081300000, 0x0000000081300000|100%|HC|  |TAMS 0x0000000081300000, 0x0000000081200000| Complete 
|  19|0x0000000081300000, 0x0000000081400000, 0x0000000081400000|100%|HC|  |TAMS 0x0000000081400000, 0x0000000081300000| Complete 
|  20|0x0000000081400000, 0x0000000081500000, 0x0000000081500000|100%|HS|  |TAMS 0x0000000081500000, 0x0000000081400000| Complete 
|  21|0x0000000081500000, 0x0000000081600000, 0x0000000081600000|100%|HC|  |TAMS 0x0000000081600000, 0x0000000081500000| Complete 
|  22|0x0000000081600000, 0x0000000081700000, 0x0000000081700000|100%|HC|  |TAMS 0x0000000081700000, 0x0000000081600000| Complete 
|  23|0x0000000081700000, 0x0000000081800000, 0x0000000081800000|100%|HC|  |TAMS 0x0000000081800000, 0x0000000081700000| Complete 
|  24|0x0000000081800000, 0x0000000081900000, 0x0000000081900000|100%|HC|  |TAMS 0x0000000081900000, 0x0000000081800000| Complete 
|  25|0x0000000081900000, 0x0000000081a00000, 0x0000000081a00000|100%| O|  |TAMS 0x0000000081a00000, 0x0000000081900000| Untracked 
|  26|0x0000000081a00000, 0x0000000081b00000, 0x0000000081b00000|100%| O|  |TAMS 0x0000000081b00000, 0x0000000081a00000| Untracked 
|  27|0x0000000081b00000, 0x0000000081c00000, 0x0000000081c00000|100%| O|  |TAMS 0x0000000081c00000, 0x0000000081b00000| Untracked 
|  28|0x0000000081c00000, 0x0000000081d00000, 0x0000000081d00000|100%| O|  |TAMS 0x0000000081d00000, 0x0000000081c00000| Untracked 
|  29|0x0000000081d00000, 0x0000000081e00000, 0x0000000081e00000|100%| O|  |TAMS 0x0000000081e00000, 0x0000000081d00000| Untracked 
|  30|0x0000000081e00000, 0x0000000081f00000, 0x0000000081f00000|100%| O|  |TAMS 0x0000000081f00000, 0x0000000081e00000| Untracked 
|  31|0x0000000081f00000, 0x0000000082000000, 0x0000000082000000|100%| O|  |TAMS 0x0000000082000000, 0x0000000081f00000| Untracked 
|  32|0x0000000082000000, 0x0000000082100000, 0x0000000082100000|100%| O|  |TAMS 0x0000000082100000, 0x0000000082000000| Untracked 
|  33|0x0000000082100000, 0x0000000082200000, 0x0000000082200000|100%| O|  |TAMS 0x0000000082200000, 0x0000000082100000| Untracked 
|  34|0x0000000082200000, 0x0000000082300000, 0x0000000082300000|100%| O|  |TAMS 0x0000000082300000, 0x0000000082200000| Untracked 
|  35|0x0000000082300000, 0x0000000082400000, 0x0000000082400000|100%| O|  |TAMS 0x0000000082400000, 0x0000000082300000| Untracked 
|  36|0x0000000082400000, 0x0000000082500000, 0x0000000082500000|100%| O|  |TAMS 0x0000000082500000, 0x0000000082400000| Untracked 
|  37|0x0000000082500000, 0x0000000082600000, 0x0000000082600000|100%|HS|  |TAMS 0x0000000082600000, 0x0000000082500000| Complete 
|  38|0x0000000082600000, 0x0000000082700000, 0x0000000082700000|100%|HC|  |TAMS 0x0000000082700000, 0x0000000082600000| Complete 
|  39|0x0000000082700000, 0x0000000082800000, 0x0000000082800000|100%|HC|  |TAMS 0x0000000082800000, 0x0000000082700000| Complete 
|  40|0x0000000082800000, 0x0000000082900000, 0x0000000082900000|100%|HC|  |TAMS 0x0000000082900000, 0x0000000082800000| Complete 
|  41|0x0000000082900000, 0x0000000082a00000, 0x0000000082a00000|100%|HC|  |TAMS 0x0000000082a00000, 0x0000000082900000| Complete 
|  42|0x0000000082a00000, 0x0000000082b00000, 0x0000000082b00000|100%| O|  |TAMS 0x0000000082b00000, 0x0000000082a00000| Untracked 
|  43|0x0000000082b00000, 0x0000000082b00000, 0x0000000082c00000|  0%| F|  |TAMS 0x0000000082b00000, 0x0000000082b00000| Untracked 
|  44|0x0000000082c00000, 0x0000000082d00000, 0x0000000082d00000|100%| O|  |TAMS 0x0000000082d00000, 0x0000000082c00000| Untracked 
|  45|0x0000000082d00000, 0x0000000082e00000, 0x0000000082e00000|100%| O|  |TAMS 0x0000000082e00000, 0x0000000082d00000| Untracked 
|  46|0x0000000082e00000, 0x0000000082f00000, 0x0000000082f00000|100%| O|  |TAMS 0x0000000082e00000, 0x0000000082e00000| Untracked 
|  47|0x0000000082f00000, 0x0000000083000000, 0x0000000083000000|100%| O|  |TAMS 0x0000000082f00000, 0x0000000082f00000| Untracked 
|  48|0x0000000083000000, 0x0000000083100000, 0x0000000083100000|100%| O|  |TAMS 0x0000000083000000, 0x0000000083000000| Untracked 
|  49|0x0000000083100000, 0x0000000083200000, 0x0000000083200000|100%| O|  |TAMS 0x0000000083200000, 0x0000000083100000| Untracked 
|  50|0x0000000083200000, 0x0000000083300000, 0x0000000083300000|100%| O|  |TAMS 0x0000000083300000, 0x0000000083200000| Untracked 
|  51|0x0000000083300000, 0x0000000083400000, 0x0000000083400000|100%| O|  |TAMS 0x0000000083400000, 0x0000000083300000| Untracked 
|  52|0x0000000083400000, 0x0000000083500000, 0x0000000083500000|100%|HS|  |TAMS 0x0000000083500000, 0x0000000083400000| Complete 
|  53|0x0000000083500000, 0x0000000083600000, 0x0000000083600000|100%|HC|  |TAMS 0x0000000083600000, 0x0000000083500000| Complete 
|  54|0x0000000083600000, 0x0000000083700000, 0x0000000083700000|100%|HC|  |TAMS 0x0000000083700000, 0x0000000083600000| Complete 
|  55|0x0000000083700000, 0x0000000083800000, 0x0000000083800000|100%| O|  |TAMS 0x0000000083800000, 0x0000000083700000| Untracked 
|  56|0x0000000083800000, 0x0000000083900000, 0x0000000083900000|100%| O|  |TAMS 0x0000000083900000, 0x0000000083800000| Untracked 
|  57|0x0000000083900000, 0x0000000083a00000, 0x0000000083a00000|100%| O|  |TAMS 0x0000000083a00000, 0x0000000083900000| Untracked 
|  58|0x0000000083a00000, 0x0000000083b00000, 0x0000000083b00000|100%| O|  |TAMS 0x0000000083b00000, 0x0000000083a00000| Untracked 
|  59|0x0000000083b00000, 0x0000000083c00000, 0x0000000083c00000|100%|HS|  |TAMS 0x0000000083c00000, 0x0000000083b00000| Complete 
|  60|0x0000000083c00000, 0x0000000083d00000, 0x0000000083d00000|100%|HS|  |TAMS 0x0000000083d00000, 0x0000000083c00000| Complete 
|  61|0x0000000083d00000, 0x0000000083e00000, 0x0000000083e00000|100%|HS|  |TAMS 0x0000000083e00000, 0x0000000083d00000| Complete 
|  62|0x0000000083e00000, 0x0000000083f00000, 0x0000000083f00000|100%|HC|  |TAMS 0x0000000083f00000, 0x0000000083e00000| Complete 
|  63|0x0000000083f00000, 0x0000000084000000, 0x0000000084000000|100%| O|  |TAMS 0x0000000084000000, 0x0000000083f00000| Untracked 
|  64|0x0000000084000000, 0x0000000084100000, 0x0000000084100000|100%| O|  |TAMS 0x0000000084100000, 0x0000000084000000| Untracked 
|  65|0x0000000084100000, 0x0000000084200000, 0x0000000084200000|100%| O|  |TAMS 0x0000000084200000, 0x0000000084100000| Untracked 
|  66|0x0000000084200000, 0x0000000084300000, 0x0000000084300000|100%| O|  |TAMS 0x0000000084300000, 0x0000000084200000| Untracked 
|  67|0x0000000084300000, 0x0000000084400000, 0x0000000084400000|100%| O|  |TAMS 0x0000000084400000, 0x0000000084300000| Untracked 
|  68|0x0000000084400000, 0x0000000084500000, 0x0000000084500000|100%| O|  |TAMS 0x0000000084500000, 0x0000000084400000| Untracked 
|  69|0x0000000084500000, 0x0000000084600000, 0x0000000084600000|100%| O|  |TAMS 0x0000000084600000, 0x0000000084500000| Untracked 
|  70|0x0000000084600000, 0x0000000084700000, 0x0000000084700000|100%| O|  |TAMS 0x0000000084700000, 0x0000000084600000| Untracked 
|  71|0x0000000084700000, 0x0000000084800000, 0x0000000084800000|100%| O|  |TAMS 0x0000000084800000, 0x0000000084700000| Untracked 
|  72|0x0000000084800000, 0x0000000084900000, 0x0000000084900000|100%| O|  |TAMS 0x0000000084900000, 0x0000000084800000| Untracked 
|  73|0x0000000084900000, 0x0000000084a00000, 0x0000000084a00000|100%| O|  |TAMS 0x0000000084a00000, 0x0000000084900000| Untracked 
|  74|0x0000000084a00000, 0x0000000084b00000, 0x0000000084b00000|100%| O|  |TAMS 0x0000000084b00000, 0x0000000084a00000| Untracked 
|  75|0x0000000084b00000, 0x0000000084c00000, 0x0000000084c00000|100%| O|  |TAMS 0x0000000084b00000, 0x0000000084b00000| Untracked 
|  76|0x0000000084c00000, 0x0000000084d00000, 0x0000000084d00000|100%| O|  |TAMS 0x0000000084c00000, 0x0000000084c00000| Untracked 
|  77|0x0000000084d00000, 0x0000000084e00000, 0x0000000084e00000|100%| O|  |TAMS 0x0000000084d00000, 0x0000000084d00000| Untracked 
|  78|0x0000000084e00000, 0x0000000084e7f200, 0x0000000084f00000| 49%| O|  |TAMS 0x0000000084e00000, 0x0000000084e00000| Untracked 
|  79|0x0000000084f00000, 0x0000000084f00000, 0x0000000085000000|  0%| F|  |TAMS 0x0000000084f00000, 0x0000000084f00000| Untracked 
|  80|0x0000000085000000, 0x0000000085000000, 0x0000000085100000|  0%| F|  |TAMS 0x0000000085000000, 0x0000000085000000| Untracked 
|  81|0x0000000085100000, 0x0000000085200000, 0x0000000085200000|100%| O|  |TAMS 0x0000000085200000, 0x0000000085100000| Untracked 
|  82|0x0000000085200000, 0x0000000085300000, 0x0000000085300000|100%| O|  |TAMS 0x0000000085300000, 0x0000000085200000| Untracked 
|  83|0x0000000085300000, 0x0000000085400000, 0x0000000085400000|100%| O|  |TAMS 0x0000000085400000, 0x0000000085300000| Untracked 
|  84|0x0000000085400000, 0x0000000085500000, 0x0000000085500000|100%| O|  |TAMS 0x0000000085473800, 0x0000000085400000| Untracked 
|  85|0x0000000085500000, 0x0000000085500000, 0x0000000085600000|  0%| F|  |TAMS 0x0000000085500000, 0x0000000085500000| Untracked 
|  86|0x0000000085600000, 0x0000000085600000, 0x0000000085700000|  0%| F|  |TAMS 0x0000000085600000, 0x0000000085600000| Untracked 
|  87|0x0000000085700000, 0x0000000085700000, 0x0000000085800000|  0%| F|  |TAMS 0x0000000085700000, 0x0000000085700000| Untracked 
|  88|0x0000000085800000, 0x0000000085800000, 0x0000000085900000|  0%| F|  |TAMS 0x0000000085800000, 0x0000000085800000| Untracked 
|  89|0x0000000085900000, 0x0000000085900000, 0x0000000085a00000|  0%| F|  |TAMS 0x0000000085900000, 0x0000000085900000| Untracked 
|  90|0x0000000085a00000, 0x0000000085a00000, 0x0000000085b00000|  0%| F|  |TAMS 0x0000000085a00000, 0x0000000085a00000| Untracked 
|  91|0x0000000085b00000, 0x0000000085b00000, 0x0000000085c00000|  0%| F|  |TAMS 0x0000000085b00000, 0x0000000085b00000| Untracked 
|  92|0x0000000085c00000, 0x0000000085c00000, 0x0000000085d00000|  0%| F|  |TAMS 0x0000000085c00000, 0x0000000085c00000| Untracked 
|  93|0x0000000085d00000, 0x0000000085d00000, 0x0000000085e00000|  0%| F|  |TAMS 0x0000000085d00000, 0x0000000085d00000| Untracked 
|  94|0x0000000085e00000, 0x0000000085e00000, 0x0000000085f00000|  0%| F|  |TAMS 0x0000000085e00000, 0x0000000085e00000| Untracked 
|  95|0x0000000085f00000, 0x0000000085f00000, 0x0000000086000000|  0%| F|  |TAMS 0x0000000085f00000, 0x0000000085f00000| Untracked 
|  96|0x0000000086000000, 0x0000000086000000, 0x0000000086100000|  0%| F|  |TAMS 0x0000000086000000, 0x0000000086000000| Untracked 
|  97|0x0000000086100000, 0x0000000086100000, 0x0000000086200000|  0%| F|  |TAMS 0x0000000086100000, 0x0000000086100000| Untracked 
|  98|0x0000000086200000, 0x0000000086200000, 0x0000000086300000|  0%| F|  |TAMS 0x0000000086200000, 0x0000000086200000| Untracked 
|  99|0x0000000086300000, 0x0000000086300000, 0x0000000086400000|  0%| F|  |TAMS 0x0000000086300000, 0x0000000086300000| Untracked 
| 100|0x0000000086400000, 0x0000000086400000, 0x0000000086500000|  0%| F|  |TAMS 0x0000000086400000, 0x0000000086400000| Untracked 
| 101|0x0000000086500000, 0x0000000086500000, 0x0000000086600000|  0%| F|  |TAMS 0x0000000086500000, 0x0000000086500000| Untracked 
| 102|0x0000000086600000, 0x0000000086600000, 0x0000000086700000|  0%| F|  |TAMS 0x0000000086600000, 0x0000000086600000| Untracked 
| 103|0x0000000086700000, 0x0000000086700000, 0x0000000086800000|  0%| F|  |TAMS 0x0000000086700000, 0x0000000086700000| Untracked 
| 104|0x0000000086800000, 0x0000000086800000, 0x0000000086900000|  0%| F|  |TAMS 0x0000000086800000, 0x0000000086800000| Untracked 
| 105|0x0000000086900000, 0x0000000086900000, 0x0000000086a00000|  0%| F|  |TAMS 0x0000000086900000, 0x0000000086900000| Untracked 
| 106|0x0000000086a00000, 0x0000000086a00000, 0x0000000086b00000|  0%| F|  |TAMS 0x0000000086a00000, 0x0000000086a00000| Untracked 
| 107|0x0000000086b00000, 0x0000000086b00000, 0x0000000086c00000|  0%| F|  |TAMS 0x0000000086b00000, 0x0000000086b00000| Untracked 
| 108|0x0000000086c00000, 0x0000000086c00000, 0x0000000086d00000|  0%| F|  |TAMS 0x0000000086c00000, 0x0000000086c00000| Untracked 
| 109|0x0000000086d00000, 0x0000000086d00000, 0x0000000086e00000|  0%| F|  |TAMS 0x0000000086d00000, 0x0000000086d00000| Untracked 
| 110|0x0000000086e00000, 0x0000000086e00000, 0x0000000086f00000|  0%| F|  |TAMS 0x0000000086e00000, 0x0000000086e00000| Untracked 
| 111|0x0000000086f00000, 0x0000000086f00000, 0x0000000087000000|  0%| F|  |TAMS 0x0000000086f00000, 0x0000000086f00000| Untracked 
| 112|0x0000000087000000, 0x0000000087000000, 0x0000000087100000|  0%| F|  |TAMS 0x0000000087000000, 0x0000000087000000| Untracked 
| 113|0x0000000087100000, 0x0000000087100000, 0x0000000087200000|  0%| F|  |TAMS 0x0000000087100000, 0x0000000087100000| Untracked 
| 114|0x0000000087200000, 0x0000000087200000, 0x0000000087300000|  0%| F|  |TAMS 0x0000000087200000, 0x0000000087200000| Untracked 
| 115|0x0000000087300000, 0x0000000087300000, 0x0000000087400000|  0%| F|  |TAMS 0x0000000087300000, 0x0000000087300000| Untracked 
| 116|0x0000000087400000, 0x0000000087400000, 0x0000000087500000|  0%| F|  |TAMS 0x0000000087400000, 0x0000000087400000| Untracked 
| 117|0x0000000087500000, 0x0000000087500000, 0x0000000087600000|  0%| F|  |TAMS 0x0000000087500000, 0x0000000087500000| Untracked 
| 118|0x0000000087600000, 0x0000000087600000, 0x0000000087700000|  0%| F|  |TAMS 0x0000000087600000, 0x0000000087600000| Untracked 
| 119|0x0000000087700000, 0x0000000087700000, 0x0000000087800000|  0%| F|  |TAMS 0x0000000087700000, 0x0000000087700000| Untracked 
| 120|0x0000000087800000, 0x0000000087800000, 0x0000000087900000|  0%| F|  |TAMS 0x0000000087800000, 0x0000000087800000| Untracked 
| 121|0x0000000087900000, 0x0000000087900000, 0x0000000087a00000|  0%| F|  |TAMS 0x0000000087900000, 0x0000000087900000| Untracked 
| 122|0x0000000087a00000, 0x0000000087a00000, 0x0000000087b00000|  0%| F|  |TAMS 0x0000000087a00000, 0x0000000087a00000| Untracked 
| 123|0x0000000087b00000, 0x0000000087b00000, 0x0000000087c00000|  0%| F|  |TAMS 0x0000000087b00000, 0x0000000087b00000| Untracked 
| 124|0x0000000087c00000, 0x0000000087c00000, 0x0000000087d00000|  0%| F|  |TAMS 0x0000000087c00000, 0x0000000087c00000| Untracked 
| 125|0x0000000087d00000, 0x0000000087d00000, 0x0000000087e00000|  0%| F|  |TAMS 0x0000000087d00000, 0x0000000087d00000| Untracked 
| 126|0x0000000087e00000, 0x0000000087e00000, 0x0000000087f00000|  0%| F|  |TAMS 0x0000000087e00000, 0x0000000087e00000| Untracked 
| 127|0x0000000087f00000, 0x0000000087f00000, 0x0000000088000000|  0%| F|  |TAMS 0x0000000087f00000, 0x0000000087f00000| Untracked 
| 128|0x0000000088000000, 0x0000000088000000, 0x0000000088100000|  0%| F|  |TAMS 0x0000000088000000, 0x0000000088000000| Untracked 
| 129|0x0000000088100000, 0x0000000088180000, 0x0000000088200000| 50%| S|CS|TAMS 0x0000000088100000, 0x0000000088100000| Complete 
| 130|0x0000000088200000, 0x0000000088300000, 0x0000000088300000|100%| S|CS|TAMS 0x0000000088200000, 0x0000000088200000| Complete 
| 131|0x0000000088300000, 0x0000000088400000, 0x0000000088400000|100%| S|CS|TAMS 0x0000000088300000, 0x0000000088300000| Complete 
| 132|0x0000000088400000, 0x0000000088500000, 0x0000000088500000|100%| S|CS|TAMS 0x0000000088400000, 0x0000000088400000| Complete 
| 133|0x0000000088500000, 0x0000000088600000, 0x0000000088600000|100%| S|CS|TAMS 0x0000000088500000, 0x0000000088500000| Complete 
| 134|0x0000000088600000, 0x0000000088600000, 0x0000000088700000|  0%| F|  |TAMS 0x0000000088600000, 0x0000000088600000| Untracked 
| 135|0x0000000088700000, 0x0000000088700000, 0x0000000088800000|  0%| F|  |TAMS 0x0000000088700000, 0x0000000088700000| Untracked 
| 136|0x0000000088800000, 0x0000000088800000, 0x0000000088900000|  0%| F|  |TAMS 0x0000000088800000, 0x0000000088800000| Untracked 
| 137|0x0000000088900000, 0x0000000088900000, 0x0000000088a00000|  0%| F|  |TAMS 0x0000000088900000, 0x0000000088900000| Untracked 
| 138|0x0000000088a00000, 0x0000000088a00000, 0x0000000088b00000|  0%| F|  |TAMS 0x0000000088a00000, 0x0000000088a00000| Untracked 
| 139|0x0000000088b00000, 0x0000000088b00000, 0x0000000088c00000|  0%| F|  |TAMS 0x0000000088b00000, 0x0000000088b00000| Untracked 
| 140|0x0000000088c00000, 0x0000000088c00000, 0x0000000088d00000|  0%| F|  |TAMS 0x0000000088c00000, 0x0000000088c00000| Untracked 
| 141|0x0000000088d00000, 0x0000000088d00000, 0x0000000088e00000|  0%| F|  |TAMS 0x0000000088d00000, 0x0000000088d00000| Untracked 
| 142|0x0000000088e00000, 0x0000000088f00000, 0x0000000088f00000|100%| S|CS|TAMS 0x0000000088e00000, 0x0000000088e00000| Complete 
| 143|0x0000000088f00000, 0x0000000089000000, 0x0000000089000000|100%| S|CS|TAMS 0x0000000088f00000, 0x0000000088f00000| Complete 
| 144|0x0000000089000000, 0x0000000089100000, 0x0000000089100000|100%| S|CS|TAMS 0x0000000089000000, 0x0000000089000000| Complete 
| 145|0x0000000089100000, 0x0000000089100000, 0x0000000089200000|  0%| F|  |TAMS 0x0000000089100000, 0x0000000089100000| Untracked 
| 146|0x0000000089200000, 0x0000000089200000, 0x0000000089300000|  0%| F|  |TAMS 0x0000000089200000, 0x0000000089200000| Untracked 
| 147|0x0000000089300000, 0x0000000089300000, 0x0000000089400000|  0%| F|  |TAMS 0x0000000089300000, 0x0000000089300000| Untracked 
| 148|0x0000000089400000, 0x0000000089400000, 0x0000000089500000|  0%| F|  |TAMS 0x0000000089400000, 0x0000000089400000| Untracked 
| 149|0x0000000089500000, 0x0000000089500000, 0x0000000089600000|  0%| F|  |TAMS 0x0000000089500000, 0x0000000089500000| Untracked 
| 150|0x0000000089600000, 0x0000000089600000, 0x0000000089700000|  0%| F|  |TAMS 0x0000000089600000, 0x0000000089600000| Untracked 
| 151|0x0000000089700000, 0x0000000089700000, 0x0000000089800000|  0%| F|  |TAMS 0x0000000089700000, 0x0000000089700000| Untracked 
| 152|0x0000000089800000, 0x0000000089800000, 0x0000000089900000|  0%| F|  |TAMS 0x0000000089800000, 0x0000000089800000| Untracked 
| 153|0x0000000089900000, 0x0000000089900000, 0x0000000089a00000|  0%| F|  |TAMS 0x0000000089900000, 0x0000000089900000| Untracked 
| 154|0x0000000089a00000, 0x0000000089a00000, 0x0000000089b00000|  0%| F|  |TAMS 0x0000000089a00000, 0x0000000089a00000| Untracked 
| 155|0x0000000089b00000, 0x0000000089b00000, 0x0000000089c00000|  0%| F|  |TAMS 0x0000000089b00000, 0x0000000089b00000| Untracked 
| 156|0x0000000089c00000, 0x0000000089c00000, 0x0000000089d00000|  0%| F|  |TAMS 0x0000000089c00000, 0x0000000089c00000| Untracked 
| 157|0x0000000089d00000, 0x0000000089d00000, 0x0000000089e00000|  0%| F|  |TAMS 0x0000000089d00000, 0x0000000089d00000| Untracked 
| 158|0x0000000089e00000, 0x0000000089e00000, 0x0000000089f00000|  0%| F|  |TAMS 0x0000000089e00000, 0x0000000089e00000| Untracked 
| 159|0x0000000089f00000, 0x0000000089f00000, 0x000000008a000000|  0%| F|  |TAMS 0x0000000089f00000, 0x0000000089f00000| Untracked 
| 160|0x000000008a000000, 0x000000008a000000, 0x000000008a100000|  0%| F|  |TAMS 0x000000008a000000, 0x000000008a000000| Untracked 
| 161|0x000000008a100000, 0x000000008a100000, 0x000000008a200000|  0%| F|  |TAMS 0x000000008a100000, 0x000000008a100000| Untracked 
| 162|0x000000008a200000, 0x000000008a200000, 0x000000008a300000|  0%| F|  |TAMS 0x000000008a200000, 0x000000008a200000| Untracked 
| 163|0x000000008a300000, 0x000000008a300000, 0x000000008a400000|  0%| F|  |TAMS 0x000000008a300000, 0x000000008a300000| Untracked 
| 164|0x000000008a400000, 0x000000008a400000, 0x000000008a500000|  0%| F|  |TAMS 0x000000008a400000, 0x000000008a400000| Untracked 
| 165|0x000000008a500000, 0x000000008a500000, 0x000000008a600000|  0%| F|  |TAMS 0x000000008a500000, 0x000000008a500000| Untracked 
| 166|0x000000008a600000, 0x000000008a600000, 0x000000008a700000|  0%| F|  |TAMS 0x000000008a600000, 0x000000008a600000| Untracked 
| 167|0x000000008a700000, 0x000000008a700000, 0x000000008a800000|  0%| F|  |TAMS 0x000000008a700000, 0x000000008a700000| Untracked 
| 168|0x000000008a800000, 0x000000008a800000, 0x000000008a900000|  0%| F|  |TAMS 0x000000008a800000, 0x000000008a800000| Untracked 
| 169|0x000000008a900000, 0x000000008a900000, 0x000000008aa00000|  0%| F|  |TAMS 0x000000008a900000, 0x000000008a900000| Untracked 
| 170|0x000000008aa00000, 0x000000008aa00000, 0x000000008ab00000|  0%| F|  |TAMS 0x000000008aa00000, 0x000000008aa00000| Untracked 
| 171|0x000000008ab00000, 0x000000008ab00000, 0x000000008ac00000|  0%| F|  |TAMS 0x000000008ab00000, 0x000000008ab00000| Untracked 
| 172|0x000000008ac00000, 0x000000008ac00000, 0x000000008ad00000|  0%| F|  |TAMS 0x000000008ac00000, 0x000000008ac00000| Untracked 
| 173|0x000000008ad00000, 0x000000008ad00000, 0x000000008ae00000|  0%| F|  |TAMS 0x000000008ad00000, 0x000000008ad00000| Untracked 
| 174|0x000000008ae00000, 0x000000008ae00000, 0x000000008af00000|  0%| F|  |TAMS 0x000000008ae00000, 0x000000008ae00000| Untracked 
| 175|0x000000008af00000, 0x000000008af00000, 0x000000008b000000|  0%| F|  |TAMS 0x000000008af00000, 0x000000008af00000| Untracked 
| 176|0x000000008b000000, 0x000000008b000000, 0x000000008b100000|  0%| F|  |TAMS 0x000000008b000000, 0x000000008b000000| Untracked 
| 177|0x000000008b100000, 0x000000008b100000, 0x000000008b200000|  0%| F|  |TAMS 0x000000008b100000, 0x000000008b100000| Untracked 
| 178|0x000000008b200000, 0x000000008b200000, 0x000000008b300000|  0%| F|  |TAMS 0x000000008b200000, 0x000000008b200000| Untracked 
| 179|0x000000008b300000, 0x000000008b300000, 0x000000008b400000|  0%| F|  |TAMS 0x000000008b300000, 0x000000008b300000| Untracked 
| 180|0x000000008b400000, 0x000000008b400000, 0x000000008b500000|  0%| F|  |TAMS 0x000000008b400000, 0x000000008b400000| Untracked 
| 181|0x000000008b500000, 0x000000008b500000, 0x000000008b600000|  0%| F|  |TAMS 0x000000008b500000, 0x000000008b500000| Untracked 
| 182|0x000000008b600000, 0x000000008b600000, 0x000000008b700000|  0%| F|  |TAMS 0x000000008b600000, 0x000000008b600000| Untracked 
| 183|0x000000008b700000, 0x000000008b700000, 0x000000008b800000|  0%| F|  |TAMS 0x000000008b700000, 0x000000008b700000| Untracked 
| 184|0x000000008b800000, 0x000000008b800000, 0x000000008b900000|  0%| F|  |TAMS 0x000000008b800000, 0x000000008b800000| Untracked 
| 185|0x000000008b900000, 0x000000008b900000, 0x000000008ba00000|  0%| F|  |TAMS 0x000000008b900000, 0x000000008b900000| Untracked 
| 186|0x000000008ba00000, 0x000000008ba00000, 0x000000008bb00000|  0%| F|  |TAMS 0x000000008ba00000, 0x000000008ba00000| Untracked 
| 187|0x000000008bb00000, 0x000000008bb00000, 0x000000008bc00000|  0%| F|  |TAMS 0x000000008bb00000, 0x000000008bb00000| Untracked 
| 188|0x000000008bc00000, 0x000000008bc00000, 0x000000008bd00000|  0%| F|  |TAMS 0x000000008bc00000, 0x000000008bc00000| Untracked 
| 189|0x000000008bd00000, 0x000000008bd00000, 0x000000008be00000|  0%| F|  |TAMS 0x000000008bd00000, 0x000000008bd00000| Untracked 
| 190|0x000000008be00000, 0x000000008be00000, 0x000000008bf00000|  0%| F|  |TAMS 0x000000008be00000, 0x000000008be00000| Untracked 
| 191|0x000000008bf00000, 0x000000008bf00000, 0x000000008c000000|  0%| F|  |TAMS 0x000000008bf00000, 0x000000008bf00000| Untracked 
| 192|0x000000008c000000, 0x000000008c000000, 0x000000008c100000|  0%| F|  |TAMS 0x000000008c000000, 0x000000008c000000| Untracked 
| 193|0x000000008c100000, 0x000000008c100000, 0x000000008c200000|  0%| F|  |TAMS 0x000000008c100000, 0x000000008c100000| Untracked 
| 194|0x000000008c200000, 0x000000008c200000, 0x000000008c300000|  0%| F|  |TAMS 0x000000008c200000, 0x000000008c200000| Untracked 
| 195|0x000000008c300000, 0x000000008c300000, 0x000000008c400000|  0%| F|  |TAMS 0x000000008c300000, 0x000000008c300000| Untracked 
| 196|0x000000008c400000, 0x000000008c400000, 0x000000008c500000|  0%| F|  |TAMS 0x000000008c400000, 0x000000008c400000| Untracked 
| 197|0x000000008c500000, 0x000000008c500000, 0x000000008c600000|  0%| F|  |TAMS 0x000000008c500000, 0x000000008c500000| Untracked 
| 198|0x000000008c600000, 0x000000008c600000, 0x000000008c700000|  0%| F|  |TAMS 0x000000008c600000, 0x000000008c600000| Untracked 
| 199|0x000000008c700000, 0x000000008c700000, 0x000000008c800000|  0%| F|  |TAMS 0x000000008c700000, 0x000000008c700000| Untracked 
| 200|0x000000008c800000, 0x000000008c800000, 0x000000008c900000|  0%| F|  |TAMS 0x000000008c800000, 0x000000008c800000| Untracked 
| 201|0x000000008c900000, 0x000000008c900000, 0x000000008ca00000|  0%| F|  |TAMS 0x000000008c900000, 0x000000008c900000| Untracked 
| 202|0x000000008ca00000, 0x000000008ca00000, 0x000000008cb00000|  0%| F|  |TAMS 0x000000008ca00000, 0x000000008ca00000| Untracked 
| 203|0x000000008cb00000, 0x000000008cb00000, 0x000000008cc00000|  0%| F|  |TAMS 0x000000008cb00000, 0x000000008cb00000| Untracked 
| 204|0x000000008cc00000, 0x000000008cc80800, 0x000000008cd00000| 50%| E|  |TAMS 0x000000008cc00000, 0x000000008cc00000| Complete 
| 205|0x000000008cd00000, 0x000000008ce00000, 0x000000008ce00000|100%| E|CS|TAMS 0x000000008cd00000, 0x000000008cd00000| Complete 
| 206|0x000000008ce00000, 0x000000008cf00000, 0x000000008cf00000|100%| E|CS|TAMS 0x000000008ce00000, 0x000000008ce00000| Complete 
| 207|0x000000008cf00000, 0x000000008d000000, 0x000000008d000000|100%| E|CS|TAMS 0x000000008cf00000, 0x000000008cf00000| Complete 
| 208|0x000000008d000000, 0x000000008d100000, 0x000000008d100000|100%| E|CS|TAMS 0x000000008d000000, 0x000000008d000000| Complete 
| 209|0x000000008d100000, 0x000000008d200000, 0x000000008d200000|100%| E|CS|TAMS 0x000000008d100000, 0x000000008d100000| Complete 
| 210|0x000000008d200000, 0x000000008d300000, 0x000000008d300000|100%| E|CS|TAMS 0x000000008d200000, 0x000000008d200000| Complete 
| 211|0x000000008d300000, 0x000000008d400000, 0x000000008d400000|100%| E|CS|TAMS 0x000000008d300000, 0x000000008d300000| Complete 
| 212|0x000000008d400000, 0x000000008d500000, 0x000000008d500000|100%| E|CS|TAMS 0x000000008d400000, 0x000000008d400000| Complete 
| 213|0x000000008d500000, 0x000000008d600000, 0x000000008d600000|100%| E|CS|TAMS 0x000000008d500000, 0x000000008d500000| Complete 
| 214|0x000000008d600000, 0x000000008d700000, 0x000000008d700000|100%| E|CS|TAMS 0x000000008d600000, 0x000000008d600000| Complete 
| 215|0x000000008d700000, 0x000000008d800000, 0x000000008d800000|100%| E|CS|TAMS 0x000000008d700000, 0x000000008d700000| Complete 
| 216|0x000000008d800000, 0x000000008d900000, 0x000000008d900000|100%| E|CS|TAMS 0x000000008d800000, 0x000000008d800000| Complete 
| 217|0x000000008d900000, 0x000000008da00000, 0x000000008da00000|100%| E|CS|TAMS 0x000000008d900000, 0x000000008d900000| Complete 
| 218|0x000000008da00000, 0x000000008db00000, 0x000000008db00000|100%| E|CS|TAMS 0x000000008da00000, 0x000000008da00000| Complete 
| 219|0x000000008db00000, 0x000000008dc00000, 0x000000008dc00000|100%| E|CS|TAMS 0x000000008db00000, 0x000000008db00000| Complete 

Card table byte_map: [0x00000267e53e0000,0x00000267e57e0000] _byte_map_base: 0x00000267e4fe0000

Marking Bits (Prev, Next): (CMBitMap*) 0x00000267d212ad68, (CMBitMap*) 0x00000267d212ada0
 Prev Bits: [0x00000267e5be0000, 0x00000267e7be0000)
 Next Bits: [0x00000267e7be0000, 0x00000267e9be0000)

Polling page: 0x00000267d06a0000

Metaspace:

Usage:
  Non-class:     76.18 MB capacity,    74.62 MB ( 98%) used,     1.34 MB (  2%) free+waste,   230.63 KB ( <1%) overhead. 
      Class:     11.81 MB capacity,    11.02 MB ( 93%) used,   706.49 KB (  6%) free+waste,   106.50 KB ( <1%) overhead. 
       Both:     87.99 MB capacity,    85.64 MB ( 97%) used,     2.03 MB (  2%) free+waste,   337.13 KB ( <1%) overhead. 

Virtual space:
  Non-class space:       78.00 MB reserved,      76.25 MB ( 98%) committed 
      Class space:        1.00 GB reserved,      11.88 MB (  1%) committed 
             Both:        1.08 GB reserved,      88.13 MB (  8%) committed 

Chunk freelists:
   Non-Class:  4.00 KB
       Class:  2.00 KB
        Both:  6.00 KB

MaxMetaspaceSize: 17179869184.00 GB
CompressedClassSpaceSize: 1.00 GB

CodeHeap 'non-profiled nmethods': size=120064Kb used=6824Kb max_used=6824Kb free=113239Kb
 bounds [0x00000267dd6a0000, 0x00000267ddd50000, 0x00000267e4be0000]
CodeHeap 'profiled nmethods': size=120000Kb used=19814Kb max_used=19814Kb free=100185Kb
 bounds [0x00000267d6170000, 0x00000267d74d0000, 0x00000267dd6a0000]
CodeHeap 'non-nmethods': size=5696Kb used=2275Kb max_used=2313Kb free=3420Kb
 bounds [0x00000267d5be0000, 0x00000267d5e50000, 0x00000267d6170000]
 total_blobs=10291 nmethods=9400 adapters=803
 compilation: enabled
              stopped_count=0, restarted_count=0
 full_count=0

Compilation events (20 events):
Event: 60.243 Thread 0x00000267ebfce800 9484 %     3       com.sun.org.apache.xerces.internal.impl.XMLEntityScanner::scanContent @ 512 (690 bytes)
Event: 60.245 Thread 0x00000267ebfce800 nmethod 9484% 0x00000267d74c3c10 code [0x00000267d74c3f20, 0x00000267d74c52a8]
Event: 60.246 Thread 0x00000267ebfce800 9485       3       com.sun.org.apache.xerces.internal.impl.XMLEntityScanner::scanContent (690 bytes)
Event: 60.248 Thread 0x00000267ebfce800 nmethod 9485 0x00000267d74c5a90 code [0x00000267d74c5da0, 0x00000267d74c7088]
Event: 60.254 Thread 0x00000267ebfce800 9487       2       com.sun.org.apache.xerces.internal.utils.XMLSecurityManager::isOverLimit (10 bytes)
Event: 60.255 Thread 0x00000267ebfce800 nmethod 9487 0x00000267d74c7810 code [0x00000267d74c79c0, 0x00000267d74c7ae8]
Event: 60.256 Thread 0x00000267ebfce800 9488       2       com.sun.org.apache.xerces.internal.utils.XMLLimitAnalyzer::getTotalValue (7 bytes)
Event: 60.256 Thread 0x00000267ebfce800 nmethod 9488 0x00000267d74c7b90 code [0x00000267d74c7d40, 0x00000267d74c7e58]
Event: 60.257 Thread 0x00000267ebfce800 9489       2       com.sun.xml.bind.v2.util.QNameMap::getEntry (105 bytes)
Event: 60.257 Thread 0x00000267ebfce800 nmethod 9489 0x00000267d74c7f10 code [0x00000267d74c80e0, 0x00000267d74c82c8]
Event: 60.257 Thread 0x00000267ebfce800 9490       1       com.sun.org.apache.xerces.internal.util.XMLAttributesImpl::getLength (5 bytes)
Event: 60.257 Thread 0x00000267ebfce800 nmethod 9490 0x00000267ddd42a10 code [0x00000267ddd42bc0, 0x00000267ddd42c78]
Event: 60.258 Thread 0x00000267ebfce800 9491       2       com.sun.org.apache.xerces.internal.impl.XMLEntityScanner::peekChar (63 bytes)
Event: 60.258 Thread 0x00000267ebfce800 nmethod 9491 0x00000267d74c8410 code [0x00000267d74c85e0, 0x00000267d74c8788]
Event: 60.272 Thread 0x00000267ebfce800 9492       2       org.gradle.api.internal.provider.DefaultProviderFactory::provider (23 bytes)
Event: 60.273 Thread 0x00000267ebfce800 nmethod 9492 0x00000267d74c8910 code [0x00000267d74c8ae0, 0x00000267d74c8d48]
Event: 60.274 Thread 0x00000267ebfce800 9493       1       org.gradle.api.internal.provider.ValueSupplier$Present::get (5 bytes)
Event: 60.274 Thread 0x00000267ebfce800 nmethod 9493 0x00000267ddd42d10 code [0x00000267ddd42ec0, 0x00000267ddd42f78]
Event: 60.274 Thread 0x00000267ebfce800 9494   !   2       kotlin.SynchronizedLazyImpl::getValue (97 bytes)
Event: 60.275 Thread 0x00000267ebfce800 nmethod 9494 0x00000267d74c8e10 code [0x00000267d74c9020, 0x00000267d74c9558]

GC Heap History (20 events):
Event: 40.283 GC heap before
{Heap before GC invocations=33 (full 0):
 garbage-first heap   total 225280K, used 193581K [0x0000000080000000, 0x0000000100000000)
  region size 1024K, 132 young (135168K), 7 survivors (7168K)
 Metaspace       used 47833K, capacity 49103K, committed 49152K, reserved 1091584K
  class space    used 6135K, capacity 6619K, committed 6656K, reserved 1048576K
}
Event: 40.298 GC heap after
{Heap after GC invocations=34 (full 0):
 garbage-first heap   total 225280K, used 66605K [0x0000000080000000, 0x0000000100000000)
  region size 1024K, 8 young (8192K), 8 survivors (8192K)
 Metaspace       used 47833K, capacity 49103K, committed 49152K, reserved 1091584K
  class space    used 6135K, capacity 6619K, committed 6656K, reserved 1048576K
}
Event: 41.088 GC heap before
{Heap before GC invocations=34 (full 0):
 garbage-first heap   total 225280K, used 193581K [0x0000000080000000, 0x0000000100000000)
  region size 1024K, 132 young (135168K), 8 survivors (8192K)
 Metaspace       used 47834K, capacity 49103K, committed 49152K, reserved 1091584K
  class space    used 6135K, capacity 6619K, committed 6656K, reserved 1048576K
}
Event: 41.106 GC heap after
{Heap after GC invocations=35 (full 0):
 garbage-first heap   total 225280K, used 67629K [0x0000000080000000, 0x0000000100000000)
  region size 1024K, 9 young (9216K), 9 survivors (9216K)
 Metaspace       used 47834K, capacity 49103K, committed 49152K, reserved 1091584K
  class space    used 6135K, capacity 6619K, committed 6656K, reserved 1048576K
}
Event: 41.944 GC heap before
{Heap before GC invocations=35 (full 0):
 garbage-first heap   total 225280K, used 191533K [0x0000000080000000, 0x0000000100000000)
  region size 1024K, 131 young (134144K), 9 survivors (9216K)
 Metaspace       used 47836K, capacity 49103K, committed 49152K, reserved 1091584K
  class space    used 6135K, capacity 6619K, committed 6656K, reserved 1048576K
}
Event: 41.966 GC heap after
{Heap after GC invocations=36 (full 0):
 garbage-first heap   total 225280K, used 68653K [0x0000000080000000, 0x0000000100000000)
  region size 1024K, 10 young (10240K), 10 survivors (10240K)
 Metaspace       used 47836K, capacity 49103K, committed 49152K, reserved 1091584K
  class space    used 6135K, capacity 6619K, committed 6656K, reserved 1048576K
}
Event: 43.254 GC heap before
{Heap before GC invocations=36 (full 0):
 garbage-first heap   total 225280K, used 190509K [0x0000000080000000, 0x0000000100000000)
  region size 1024K, 130 young (133120K), 10 survivors (10240K)
 Metaspace       used 47849K, capacity 49103K, committed 49152K, reserved 1091584K
  class space    used 6135K, capacity 6619K, committed 6656K, reserved 1048576K
}
Event: 43.261 GC heap after
{Heap after GC invocations=37 (full 0):
 garbage-first heap   total 225280K, used 58178K [0x0000000080000000, 0x0000000100000000)
  region size 1024K, 1 young (1024K), 1 survivors (1024K)
 Metaspace       used 47849K, capacity 49103K, committed 49152K, reserved 1091584K
  class space    used 6135K, capacity 6619K, committed 6656K, reserved 1048576K
}
Event: 46.892 GC heap before
{Heap before GC invocations=37 (full 0):
 garbage-first heap   total 225280K, used 195394K [0x0000000080000000, 0x0000000100000000)
  region size 1024K, 132 young (135168K), 1 survivors (1024K)
 Metaspace       used 53463K, capacity 55010K, committed 55296K, reserved 1097728K
  class space    used 6825K, capacity 7388K, committed 7424K, reserved 1048576K
}
Event: 46.913 GC heap after
{Heap after GC invocations=38 (full 0):
 garbage-first heap   total 225280K, used 66881K [0x0000000080000000, 0x0000000100000000)
  region size 1024K, 7 young (7168K), 7 survivors (7168K)
 Metaspace       used 53463K, capacity 55010K, committed 55296K, reserved 1097728K
  class space    used 6825K, capacity 7388K, committed 7424K, reserved 1048576K
}
Event: 52.340 GC heap before
{Heap before GC invocations=38 (full 0):
 garbage-first heap   total 225280K, used 194881K [0x0000000080000000, 0x0000000100000000)
  region size 1024K, 129 young (132096K), 7 survivors (7168K)
 Metaspace       used 65872K, capacity 67795K, committed 67968K, reserved 1107968K
  class space    used 8365K, capacity 9051K, committed 9088K, reserved 1048576K
}
Event: 52.375 GC heap after
{Heap after GC invocations=39 (full 0):
 garbage-first heap   total 225280K, used 80669K [0x0000000080000000, 0x0000000100000000)
  region size 1024K, 16 young (16384K), 16 survivors (16384K)
 Metaspace       used 65872K, capacity 67795K, committed 67968K, reserved 1107968K
  class space    used 8365K, capacity 9051K, committed 9088K, reserved 1048576K
}
Event: 52.623 GC heap before
{Heap before GC invocations=39 (full 0):
 garbage-first heap   total 225280K, used 91933K [0x0000000080000000, 0x0000000100000000)
  region size 1024K, 29 young (29696K), 16 survivors (16384K)
 Metaspace       used 67164K, capacity 69078K, committed 69120K, reserved 1110016K
  class space    used 8500K, capacity 9180K, committed 9216K, reserved 1048576K
}
Event: 52.680 GC heap after
{Heap after GC invocations=40 (full 0):
 garbage-first heap   total 225280K, used 85454K [0x0000000080000000, 0x0000000100000000)
  region size 1024K, 5 young (5120K), 5 survivors (5120K)
 Metaspace       used 67164K, capacity 69078K, committed 69120K, reserved 1110016K
  class space    used 8500K, capacity 9180K, committed 9216K, reserved 1048576K
}
Event: 54.850 GC heap before
{Heap before GC invocations=41 (full 0):
 garbage-first heap   total 225280K, used 149966K [0x0000000080000000, 0x0000000100000000)
  region size 1024K, 72 young (73728K), 5 survivors (5120K)
 Metaspace       used 72043K, capacity 74128K, committed 74368K, reserved 1114112K
  class space    used 9140K, capacity 9847K, committed 9856K, reserved 1048576K
}
Event: 54.871 GC heap after
{Heap after GC invocations=42 (full 0):
 garbage-first heap   total 225280K, used 83968K [0x0000000080000000, 0x0000000100000000)
  region size 1024K, 6 young (6144K), 6 survivors (6144K)
 Metaspace       used 72043K, capacity 74128K, committed 74368K, reserved 1114112K
  class space    used 9140K, capacity 9847K, committed 9856K, reserved 1048576K
}
Event: 57.499 GC heap before
{Heap before GC invocations=42 (full 0):
 garbage-first heap   total 225280K, used 156672K [0x0000000080000000, 0x0000000100000000)
  region size 1024K, 77 young (78848K), 6 survivors (6144K)
 Metaspace       used 78874K, capacity 81016K, committed 81152K, reserved 1120256K
  class space    used 10212K, capacity 10917K, committed 11008K, reserved 1048576K
}
Event: 57.525 GC heap after
{Heap after GC invocations=43 (full 0):
 garbage-first heap   total 225280K, used 87552K [0x0000000080000000, 0x0000000100000000)
  region size 1024K, 9 young (9216K), 9 survivors (9216K)
 Metaspace       used 78874K, capacity 81016K, committed 81152K, reserved 1120256K
  class space    used 10212K, capacity 10917K, committed 11008K, reserved 1048576K
}
Event: 59.638 GC heap before
{Heap before GC invocations=43 (full 0):
 garbage-first heap   total 225280K, used 164352K [0x0000000080000000, 0x0000000100000000)
  region size 1024K, 83 young (84992K), 9 survivors (9216K)
 Metaspace       used 85253K, capacity 87652K, committed 87808K, reserved 1126400K
  class space    used 10954K, capacity 11776K, committed 11776K, reserved 1048576K
}
Event: 59.673 GC heap after
{Heap after GC invocations=44 (full 0):
 garbage-first heap   total 225280K, used 91132K [0x0000000080000000, 0x0000000100000000)
  region size 1024K, 8 young (8192K), 8 survivors (8192K)
 Metaspace       used 85253K, capacity 87652K, committed 87808K, reserved 1126400K
  class space    used 10954K, capacity 11776K, committed 11776K, reserved 1048576K
}

Deoptimization events (20 events):
Event: 60.165 Thread 0x00000267ecba2800 DEOPT PACKING pc=0x00000267d70ab963 sp=0x000000897a7f8ae0
Event: 60.165 Thread 0x00000267ecba2800 DEOPT UNPACKING pc=0x00000267d5c06abf sp=0x000000897a7f7f90 mode 0
Event: 60.166 Thread 0x00000267ecba2800 DEOPT PACKING pc=0x00000267d70ab963 sp=0x000000897a7f8ae0
Event: 60.166 Thread 0x00000267ecba2800 DEOPT UNPACKING pc=0x00000267d5c06abf sp=0x000000897a7f7f90 mode 0
Event: 60.166 Thread 0x00000267ecba2800 DEOPT PACKING pc=0x00000267d70ab963 sp=0x000000897a7f8ae0
Event: 60.166 Thread 0x00000267ecba2800 DEOPT UNPACKING pc=0x00000267d5c06abf sp=0x000000897a7f7f90 mode 0
Event: 60.181 Thread 0x00000267ecba2800 Uncommon trap: trap_request=0xffffff4d fr.pc=0x00000267dd828ab8 relative=0x0000000000000078
Event: 60.182 Thread 0x00000267ecba2800 Uncommon trap: reason=unstable_if action=reinterpret pc=0x00000267dd828ab8 method=java.util.regex.Matcher.find()Z @ 10 c2
Event: 60.182 Thread 0x00000267ecba2800 DEOPT PACKING pc=0x00000267dd828ab8 sp=0x000000897a7f8d50
Event: 60.182 Thread 0x00000267ecba2800 DEOPT UNPACKING pc=0x00000267d5c06ca9 sp=0x000000897a7f8cd0 mode 2
Event: 60.187 Thread 0x00000267ecba2800 DEOPT PACKING pc=0x00000267d74b49f1 sp=0x000000897a7f8be0
Event: 60.187 Thread 0x00000267ecba2800 DEOPT UNPACKING pc=0x00000267d5c06abf sp=0x000000897a7f8088 mode 0
Event: 60.190 Thread 0x00000267ecba2800 DEOPT PACKING pc=0x00000267d726d0e9 sp=0x000000897a7f8be0
Event: 60.190 Thread 0x00000267ecba2800 DEOPT UNPACKING pc=0x00000267d5c06abf sp=0x000000897a7f8088 mode 0
Event: 60.200 Thread 0x00000267ecba2800 Uncommon trap: trap_request=0xffffff4d fr.pc=0x00000267ddc6e7cc relative=0x00000000000004ec
Event: 60.200 Thread 0x00000267ecba2800 Uncommon trap: reason=unstable_if action=reinterpret pc=0x00000267ddc6e7cc method=java.lang.Integer.parseInt(Ljava/lang/String;I)I @ 195 c2
Event: 60.200 Thread 0x00000267ecba2800 DEOPT PACKING pc=0x00000267ddc6e7cc sp=0x000000897a7f9120
Event: 60.200 Thread 0x00000267ecba2800 DEOPT UNPACKING pc=0x00000267d5c06ca9 sp=0x000000897a7f9090 mode 2
Event: 60.248 Thread 0x00000267ecba2800 DEOPT PACKING pc=0x00000267d74c333d sp=0x000000897a7f92a0
Event: 60.248 Thread 0x00000267ecba2800 DEOPT UNPACKING pc=0x00000267d5c06abf sp=0x000000897a7f8768 mode 0

Classes redefined (0 events):
No events

Internal exceptions (20 events):
Event: 58.802 Thread 0x00000267ecba2800 Exception <a 'java/lang/ClassNotFoundException'{0x000000008b3aaec0}: com/android/build/gradle/tasks/factory/AndroidUnitTest_DecoratedBeanInfo> (0x000000008b3aaec0) thrown at [./src/hotspot/share/classfile/systemDictionary.cpp, line 231]
Event: 58.802 Thread 0x00000267ecba2800 Exception <a 'java/lang/ClassNotFoundException'{0x000000008b3c3d80}: com/android/build/gradle/tasks/factory/AndroidUnitTestBeanInfo> (0x000000008b3c3d80) thrown at [./src/hotspot/share/classfile/systemDictionary.cpp, line 231]
Event: 58.803 Thread 0x00000267ecba2800 Exception <a 'java/lang/ClassNotFoundException'{0x000000008b3e24f8}: org/gradle/api/tasks/testing/TestBeanInfo> (0x000000008b3e24f8) thrown at [./src/hotspot/share/classfile/systemDictionary.cpp, line 231]
Event: 58.804 Thread 0x00000267ecba2800 Exception <a 'java/lang/ClassNotFoundException'{0x000000008b204b40}: org/gradle/api/tasks/testing/AbstractTestTaskBeanInfo> (0x000000008b204b40) thrown at [./src/hotspot/share/classfile/systemDictionary.cpp, line 231]
Event: 58.804 Thread 0x00000267ecba2800 Exception <a 'java/lang/ClassNotFoundException'{0x000000008b2270f8}: org/gradle/api/tasks/testing/AbstractTestTaskCustomizer> (0x000000008b2270f8) thrown at [./src/hotspot/share/classfile/systemDictionary.cpp, line 231]
Event: 58.807 Thread 0x00000267ecba2800 Exception <a 'java/lang/ClassNotFoundException'{0x000000008b264c30}: org/gradle/api/tasks/testing/TestCustomizer> (0x000000008b264c30) thrown at [./src/hotspot/share/classfile/systemDictionary.cpp, line 231]
Event: 58.819 Thread 0x00000267ecba2800 Exception <a 'java/lang/ClassNotFoundException'{0x000000008b1238d0}: com/android/build/gradle/tasks/factory/AndroidUnitTestCustomizer> (0x000000008b1238d0) thrown at [./src/hotspot/share/classfile/systemDictionary.cpp, line 231]
Event: 58.824 Thread 0x00000267ecba2800 Exception <a 'java/lang/ClassNotFoundException'{0x000000008b159310}: com/android/build/gradle/tasks/factory/AndroidUnitTest_DecoratedCustomizer> (0x000000008b159310) thrown at [./src/hotspot/share/classfile/systemDictionary.cpp, line 231]
Event: 58.938 Thread 0x00000267ecba2800 Exception <a 'java/lang/ClassNotFoundException'{0x000000008abf3e90}: org/gradle/api/internal/tasks/DefaultSourceSetContainer_DecoratedBeanInfo> (0x000000008abf3e90) thrown at [./src/hotspot/share/classfile/systemDictionary.cpp, line 231]
Event: 58.939 Thread 0x00000267ecba2800 Exception <a 'java/lang/ClassNotFoundException'{0x000000008aa173c8}: org/gradle/api/internal/tasks/DefaultSourceSetContainerBeanInfo> (0x000000008aa173c8) thrown at [./src/hotspot/share/classfile/systemDictionary.cpp, line 231]
Event: 58.939 Thread 0x00000267ecba2800 Exception <a 'java/lang/ClassNotFoundException'{0x000000008aa3a460}: org/gradle/api/internal/tasks/DefaultSourceSetContainerCustomizer> (0x000000008aa3a460) thrown at [./src/hotspot/share/classfile/systemDictionary.cpp, line 231]
Event: 58.941 Thread 0x00000267ecba2800 Exception <a 'java/lang/ClassNotFoundException'{0x000000008aa6c218}: org/gradle/api/internal/tasks/DefaultSourceSetContainer_DecoratedCustomizer> (0x000000008aa6c218) thrown at [./src/hotspot/share/classfile/systemDictionary.cpp, line 231]
Event: 59.322 Thread 0x00000267ecba2800 Exception <a 'sun/nio/fs/WindowsException'{0x0000000089d10390}> (0x0000000089d10390) thrown at [./src/hotspot/share/prims/jni.cpp, line 615]
Event: 59.322 Thread 0x00000267ecba2800 Exception <a 'sun/nio/fs/WindowsException'{0x0000000089d10958}> (0x0000000089d10958) thrown at [./src/hotspot/share/prims/jni.cpp, line 615]
Event: 59.569 Thread 0x00000267ecba2800 Exception <a 'java/lang/NullPointerException'{0x000000008932b9a0}> (0x000000008932b9a0) thrown at [./src/hotspot/share/interpreter/linkResolver.cpp, line 1440]
Event: 60.100 Thread 0x00000267ecba2800 Exception <a 'java/lang/NoSuchMethodError'{0x000000008cf7f120}: 'int java.lang.invoke.DirectMethodHandle$Holder.invokeStatic(java.lang.Object, java.lang.Object, int, java.lang.Object)'> (0x000000008cf7f120) thrown at [./src/hotspot/share/interpreter/linkResolver.cpp, line 773]
Event: 60.224 Thread 0x00000267ecba2800 Exception <a 'sun/nio/fs/WindowsException'{0x000000008ceb53c0}> (0x000000008ceb53c0) thrown at [./src/hotspot/share/prims/jni.cpp, line 615]
Event: 60.224 Thread 0x00000267ecba2800 Exception <a 'sun/nio/fs/WindowsException'{0x000000008ceb6738}> (0x000000008ceb6738) thrown at [./src/hotspot/share/prims/jni.cpp, line 615]
Event: 60.224 Thread 0x00000267ecba2800 Exception <a 'sun/nio/fs/WindowsException'{0x000000008ceb7b00}> (0x000000008ceb7b00) thrown at [./src/hotspot/share/prims/jni.cpp, line 615]
Event: 60.224 Thread 0x00000267ecba2800 Exception <a 'sun/nio/fs/WindowsException'{0x000000008ceb8ec8}> (0x000000008ceb8ec8) thrown at [./src/hotspot/share/prims/jni.cpp, line 615]

Events (20 events):
Event: 60.294 loading class com/google/common/collect/AbstractMapBasedMultimap$RandomAccessWrappedList
Event: 60.294 loading class com/google/common/collect/AbstractMapBasedMultimap$RandomAccessWrappedList done
Event: 60.295 loading class com/google/common/collect/AbstractMapBasedMultimap$WrappedList
Event: 60.295 loading class com/google/common/collect/AbstractMapBasedMultimap$WrappedList done
Event: 60.295 loading class com/google/common/collect/AbstractMapBasedMultimap$WrappedCollection
Event: 60.295 loading class com/google/common/collect/AbstractMapBasedMultimap$WrappedCollection done
Event: 60.297 loading class com/android/build/gradle/internal/ide/ProductFlavorContainerImpl
Event: 60.297 loading class com/android/build/gradle/internal/ide/ProductFlavorContainerImpl done
Event: 60.297 loading class com/android/builder/model/ProductFlavorContainer
Event: 60.297 loading class com/android/builder/model/ProductFlavorContainer done
Event: 60.298 loading class com/android/build/gradle/internal/ide/SourceProviderContainerImpl
Event: 60.298 loading class com/android/build/gradle/internal/ide/SourceProviderContainerImpl done
Event: 60.298 loading class com/android/builder/model/SourceProviderContainer
Event: 60.298 loading class com/android/builder/model/SourceProviderContainer done
Event: 60.299 loading class com/android/builder/model/SourceProviderContainer
Event: 60.299 loading class com/android/builder/model/SourceProviderContainer done
Event: 60.299 loading class com/android/builder/model/SourceProviderContainer
Event: 60.299 loading class com/android/builder/model/SourceProviderContainer done
Event: 60.299 loading class com/android/build/gradle/internal/ide/SourceProviderImpl
Event: 60.299 loading class com/android/build/gradle/internal/ide/SourceProviderImpl done


Dynamic libraries:
0x00007ff671e70000 - 0x00007ff671e7a000 	C:\Program Files\Android\Android Studio\jre\bin\java.exe
0x00007ffb57f30000 - 0x00007ffb58125000 	C:\Windows\SYSTEM32\ntdll.dll
0x00007ffb56ba0000 - 0x00007ffb56c5e000 	C:\Windows\System32\KERNEL32.DLL
0x00007ffb55b50000 - 0x00007ffb55e19000 	C:\Windows\System32\KERNELBASE.dll
0x00007ffb55720000 - 0x00007ffb55820000 	C:\Windows\System32\ucrtbase.dll
0x00007ffb31950000 - 0x00007ffb31967000 	C:\Program Files\Android\Android Studio\jre\bin\VCRUNTIME140.dll
0x00007ffb31680000 - 0x00007ffb31699000 	C:\Program Files\Android\Android Studio\jre\bin\jli.dll
0x00007ffb57d40000 - 0x00007ffb57ee1000 	C:\Windows\System32\USER32.dll
0x00007ffb55930000 - 0x00007ffb55952000 	C:\Windows\System32\win32u.dll
0x00007ffb37e30000 - 0x00007ffb380ca000 	C:\Windows\WinSxS\amd64_microsoft.windows.common-controls_6595b64144ccf1df_6.0.19041.1110_none_60b5254171f9507e\COMCTL32.dll
0x00007ffb56a30000 - 0x00007ffb56a5b000 	C:\Windows\System32\GDI32.dll
0x00007ffb56800000 - 0x00007ffb5689e000 	C:\Windows\System32\msvcrt.dll
0x00007ffb55820000 - 0x00007ffb5592b000 	C:\Windows\System32\gdi32full.dll
0x00007ffb55680000 - 0x00007ffb5571d000 	C:\Windows\System32\msvcp_win.dll
0x00007ffb571b0000 - 0x00007ffb571e0000 	C:\Windows\System32\IMM32.DLL
0x00007ffb17cb0000 - 0x00007ffb17d4d000 	C:\Program Files\Android\Android Studio\jre\bin\msvcp140.dll
0x00007ffb0ce00000 - 0x00007ffb0d8cf000 	C:\Program Files\Android\Android Studio\jre\bin\server\jvm.dll
0x00007ffb56df0000 - 0x00007ffb56e9c000 	C:\Windows\System32\ADVAPI32.dll
0x00007ffb56c60000 - 0x00007ffb56cfb000 	C:\Windows\System32\sechost.dll
0x00007ffb56900000 - 0x00007ffb56a2a000 	C:\Windows\System32\RPCRT4.dll
0x00007ffb57c80000 - 0x00007ffb57c88000 	C:\Windows\System32\PSAPI.DLL
0x00007ffb4c8b0000 - 0x00007ffb4c8b9000 	C:\Windows\SYSTEM32\WSOCK32.dll
0x00007ffb56ea0000 - 0x00007ffb56f0b000 	C:\Windows\System32\WS2_32.dll
0x00007ffb3f100000 - 0x00007ffb3f127000 	C:\Windows\SYSTEM32\WINMM.dll
0x00007ffb4ef00000 - 0x00007ffb4ef0a000 	C:\Windows\SYSTEM32\VERSION.dll
0x00007ffb53f20000 - 0x00007ffb53f32000 	C:\Windows\SYSTEM32\kernel.appcore.dll
0x00007ffb3e2d0000 - 0x00007ffb3e2e1000 	C:\Program Files\Android\Android Studio\jre\bin\verify.dll
0x00007ffb53bf0000 - 0x00007ffb53dd4000 	C:\Windows\SYSTEM32\DBGHELP.DLL
0x00007ffb42ee0000 - 0x00007ffb42f0c000 	C:\Windows\SYSTEM32\dbgcore.DLL
0x00007ffb55ac0000 - 0x00007ffb55b43000 	C:\Windows\System32\bcryptPrimitives.dll
0x00007ffb32b40000 - 0x00007ffb32b69000 	C:\Program Files\Android\Android Studio\jre\bin\java.dll
0x00007ffb4c8a0000 - 0x00007ffb4c8ab000 	C:\Program Files\Android\Android Studio\jre\bin\jimage.dll
0x00007ffb37bb0000 - 0x00007ffb37bc8000 	C:\Program Files\Android\Android Studio\jre\bin\zip.dll
0x00007ffb57540000 - 0x00007ffb57c7f000 	C:\Windows\System32\SHELL32.dll
0x00007ffb53390000 - 0x00007ffb53b20000 	C:\Windows\SYSTEM32\windows.storage.dll
0x00007ffb571e0000 - 0x00007ffb57535000 	C:\Windows\System32\combase.dll
0x00007ffb54fd0000 - 0x00007ffb54ffc000 	C:\Windows\SYSTEM32\Wldp.dll
0x00007ffb57c90000 - 0x00007ffb57d3d000 	C:\Windows\System32\SHCORE.dll
0x00007ffb57150000 - 0x00007ffb571a5000 	C:\Windows\System32\shlwapi.dll
0x00007ffb55590000 - 0x00007ffb555af000 	C:\Windows\SYSTEM32\profapi.dll
0x00007ffb32c90000 - 0x00007ffb32caa000 	C:\Program Files\Android\Android Studio\jre\bin\net.dll
0x00007ffb4be00000 - 0x00007ffb4bf08000 	C:\Windows\SYSTEM32\WINHTTP.dll
0x00007ffb54d30000 - 0x00007ffb54d9a000 	C:\Windows\system32\mswsock.dll
0x00007ffb32410000 - 0x00007ffb32424000 	C:\Program Files\Android\Android Studio\jre\bin\nio.dll
0x00007ffb4c910000 - 0x00007ffb4c937000 	C:\Program Files\Android\Android Studio\gradle-7.0.2\native\8bec1ad78214c89d9ad589b4d07fe93259594b29d510b10fafb7a158f7737e5d\windows-amd64\native-platform.dll
0x00007ffb16f70000 - 0x00007ffb170ad000 	C:\Program Files\Android\Android Studio\gradle-7.0.2\native\53dbd7edfb1c66fb8903c78663c9afc45aea4f116125fa6feffd364cf09443e8\windows-amd64\native-platform-file-events.dll
0x00007ffb436b0000 - 0x00007ffb436ba000 	C:\Program Files\Android\Android Studio\jre\bin\management.dll
0x00007ffb412a0000 - 0x00007ffb412ac000 	C:\Program Files\Android\Android Studio\jre\bin\management_ext.dll
0x00007ffb54f20000 - 0x00007ffb54f38000 	C:\Windows\SYSTEM32\CRYPTSP.dll
0x00007ffb546b0000 - 0x00007ffb546e4000 	C:\Windows\system32\rsaenh.dll
0x00007ffb55650000 - 0x00007ffb55677000 	C:\Windows\System32\bcrypt.dll
0x00007ffb55510000 - 0x00007ffb5553e000 	C:\Windows\SYSTEM32\USERENV.dll
0x00007ffb54f40000 - 0x00007ffb54f4c000 	C:\Windows\SYSTEM32\CRYPTBASE.dll
0x00007ffb54a20000 - 0x00007ffb54a5b000 	C:\Windows\SYSTEM32\IPHLPAPI.DLL
0x00007ffb56a60000 - 0x00007ffb56a68000 	C:\Windows\System32\NSI.dll
0x00007ffb4d070000 - 0x00007ffb4d087000 	C:\Windows\SYSTEM32\dhcpcsvc6.DLL
0x00007ffb4d9b0000 - 0x00007ffb4d9cd000 	C:\Windows\SYSTEM32\dhcpcsvc.DLL
0x00007ffb54a60000 - 0x00007ffb54b2c000 	C:\Windows\SYSTEM32\DNSAPI.dll

dbghelp: loaded successfully - version: 4.0.5 - missing functions: none
symbol engine: initialized successfully - sym options: 0x614 - pdb path: .;C:\Program Files\Android\Android Studio\jre\bin;C:\Windows\SYSTEM32;C:\Windows\WinSxS\amd64_microsoft.windows.common-controls_6595b64144ccf1df_6.0.19041.1110_none_60b5254171f9507e;C:\Program Files\Android\Android Studio\jre\bin\server;C:\Program Files\Android\Android Studio\gradle-7.0.2\native\8bec1ad78214c89d9ad589b4d07fe93259594b29d510b10fafb7a158f7737e5d\windows-amd64;C:\Program Files\Android\Android Studio\gradle-7.0.2\native\53dbd7edfb1c66fb8903c78663c9afc45aea4f116125fa6feffd364cf09443e8\windows-amd64

VM Arguments:
jvm_args: --add-opens=java.base/java.util=ALL-UNNAMED --add-opens=java.base/java.lang=ALL-UNNAMED --add-opens=java.base/java.lang.invoke=ALL-UNNAMED --add-opens=java.base/java.util=ALL-UNNAMED --add-opens=java.prefs/java.util.prefs=ALL-UNNAMED --add-opens=java.prefs/java.util.prefs=ALL-UNNAMED --add-opens=java.base/java.nio.charset=ALL-UNNAMED --add-opens=java.base/java.net=ALL-UNNAMED --add-opens=java.base/java.util.concurrent.atomic=ALL-UNNAMED -Xmx2048m -Dfile.encoding=UTF-8 -Duser.country=ID -Duser.language=en -Duser.variant 
java_command: org.gradle.launcher.daemon.bootstrap.GradleDaemon 7.0.2
java_class_path (initial): C:\Program Files\Android\Android Studio\gradle-7.0.2\wrapper\dists\gradle-7.0.2-bin\857tjihv64xamwrf0h14cai3r\gradle-7.0.2\lib\gradle-launcher-7.0.2.jar
Launcher Type: SUN_STANDARD

[Global flags]
     intx CICompilerCount                          = 2                                         {product} {ergonomic}
     uint ConcGCThreads                            = 1                                         {product} {ergonomic}
     uint G1ConcRefinementThreads                  = 2                                         {product} {ergonomic}
   size_t G1HeapRegionSize                         = 1048576                                   {product} {ergonomic}
    uintx GCDrainStackTargetSize                   = 64                                        {product} {ergonomic}
   size_t InitialHeapSize                          = 132120576                                 {product} {ergonomic}
   size_t MarkStackSize                            = 4194304                                   {product} {ergonomic}
   size_t MaxHeapSize                              = 2147483648                                {product} {command line}
   size_t MaxNewSize                               = 1287651328                                {product} {ergonomic}
   size_t MinHeapDeltaBytes                        = 1048576                                   {product} {ergonomic}
    uintx NonNMethodCodeHeapSize                   = 5825164                                {pd product} {ergonomic}
    uintx NonProfiledCodeHeapSize                  = 122916538                              {pd product} {ergonomic}
    uintx ProfiledCodeHeapSize                     = 122916538                              {pd product} {ergonomic}
    uintx ReservedCodeCacheSize                    = 251658240                              {pd product} {ergonomic}
     bool SegmentedCodeCache                       = true                                      {product} {ergonomic}
     bool UseCompressedClassPointers               = true                                 {lp64_product} {ergonomic}
     bool UseCompressedOops                        = true                                 {lp64_product} {ergonomic}
     bool UseG1GC                                  = true                                      {product} {ergonomic}
     bool UseLargePagesIndividualAllocation        = false                                  {pd product} {ergonomic}

Logging:
Log output configuration:
 #0: stdout all=warning uptime,level,tags
 #1: stderr all=off uptime,level,tags

Environment Variables:
PATH=C:\Windows\system32;C:\Windows;C:\Windows\System32\Wbem;C:\Windows\System32\WindowsPowerShell\v1.0\;C:\Windows\System32\OpenSSH\;C:\Users\X441M\AppData\Local\Microsoft\WindowsApps;C:\Users\X441M\AppData\Local\Programs\Microsoft VS Code\bin
USERNAME=X441M
OS=Windows_NT
PROCESSOR_IDENTIFIER=Intel64 Family 6 Model 122 Stepping 1, GenuineIntel



---------------  S Y S T E M  ---------------

OS: Windows 10 , 64 bit Build 19041 (10.0.19041.1202)
OS uptime: 3 days 21:57 hours

CPU:total 2 (initial active 2) (2 cores per cpu, 1 threads per core) family 6 model 122 stepping 1 microcode 0x2e, cmov, cx8, fxsr, mmx, sse, sse2, sse3, ssse3, sse4.1, sse4.2, popcnt, aes, clmul, erms, 3dnowpref, tsc, tscinvbit, sha

Memory: 4k page, system-wide physical 8015M (2355M free)
TotalPageFile size 17231M (AvailPageFile size 10175M)
current process WorkingSet (physical memory assigned to process): 454M, peak: 457M
current process commit charge ("private bytes"): 476M, peak: 480M

vm_info: OpenJDK 64-Bit Server VM (11.0.10+0-b96-7249189) for windows-amd64 JRE (11.0.10+0-b96-7249189), built on Mar 31 2021 21:44:00 by "builder" with MS VC++ 14.0 (VS2015)

END.
